<?xml version="1.0" encoding="UTF-8"?>
<testsuites name="NEFR Form Test" time="32" tests="1" failures="0" errors="0">
   <testsuite name="NEFR Form Test" tests="1" failures="0" errors="0" time="32" timestamp="2018-02-14 14:36:42" hostname="angelwong - 192.168.214.1" id="Test Suites/NEFR Form Test">
      <properties>
         <property name="deviceName" value=""/>
         <property name="devicePlatform" value=""/>
         <property name="logFolder" value="/Users/angelwong/Documents/Documents/EFORMS/06 Test Tool/ALEX NEFR TESTING/Reports/NEFR Form Test/20180214_143638"/>
         <property name="logFiles" value="/Users/angelwong/Documents/Documents/EFORMS/06 Test Tool/ALEX NEFR TESTING/Reports/NEFR Form Test/20180214_143638/execution0.log"/>
         <property name="attachments" value=""/>
         <property name="hostName" value="angelwong - 192.168.214.1"/>
         <property name="os" value="Mac OS X 64bit"/>
         <property name="katalonVersion" value="5.3.0.1"/>
         <property name="browser" value="Firefox 58.0"/>
         <property name="hostAddress" value="192.168.214.1"/>
         <property name="sessionId" value="4e47b23c-e536-214a-9970-1f0e9b20802e"/>
         <property name="seleniumVersion" value="3.7.1"/>
         <property name="proxyInformation" value="ProxyInformation{proxyOption=NO_PROXY, proxyServerType=HTTP, password=, proxyServerAddress=, proxyServerPort=0}"/>
         <property name="platform" value="Mac OS X"/>
      </properties>
      <testcase name="Test Cases/MY DETAILS TAB TEST" classname="Test Cases/MY DETAILS TAB TEST" status="PASSED">
         <system-out><![CDATA[2018-02-14 14:36:43 - [TEST_CASE][PASSED] - Test Cases/MY DETAILS TAB TEST: Test Cases/MY DETAILS TAB TEST

2018-02-14 14:36:44 - [TEST_STEP][PASSED] - openBrowser: Browser is opened with url: ''

2018-02-14 14:36:54 - [MESSAGE][PASSED] - Browser is opened with url: ''

2018-02-14 14:36:54 - [TEST_STEP][PASSED] - maximizeWindow: Current window maximized

2018-02-14 14:36:57 - [MESSAGE][PASSED] - Current window maximized

2018-02-14 14:36:57 - [TEST_STEP][PASSED] - navigateToUrl: Navigate to 'http://sit104.sit.startinpoint.com:9080/FEBWrapperApp/' successfully

2018-02-14 14:36:58 - [MESSAGE][PASSED] - Navigate to 'http://sit104.sit.startinpoint.com:9080/FEBWrapperApp/' successfully

2018-02-14 14:36:58 - [TEST_STEP][PASSED] - waitForPageLoad: Wait for page load successfully

2018-02-14 14:36:58 - [MESSAGE][PASSED] - Wait for page load successfully

2018-02-14 14:36:58 - [TEST_STEP][PASSED] - waitForElementPresent: Object 'Object Repository/Test Link Page_IFrame/testlink_inputField' is present

2018-02-14 14:36:58 - [MESSAGE][PASSED] - Object 'Object Repository/Test Link Page_IFrame/testlink_inputField' is present

2018-02-14 14:36:58 - [TEST_STEP][PASSED] - setText: Text 'DOCTY_GRP=A|NNAME=MR. AMIR BIN KASIRAN|VNAME=LASTIE/ NAME|O_CONSTYP=CI|UNNAME=REDDY PALAGATI NISHANTH|USERID=ZIBMPALAGATI|ADDR=BLK 108, %2305-301, TAMPINES STREET 11, Singapore 521108|EMAIL=qsm@ttsh.com.sg|EXTNR=S1205651F|TELNO=1800-2529913|IDNO=24260517766963|FTEMPL=ISH_COMNCLEN1.101|EDIT=Y|EINRI=ALEX|FDESC=CONSENT FORM (ENGLISH)|FTYPE=NEFRCONS|FOLDER=0000000919|LTOKEN=4DF80CAB1C0D7B0CCC89DD80EC8465|PATNR=0004838179|PAT_LVL=Y|STATUS=01|TCODE=NV2001|UNAMEIND=Y|VOID=Y|TEST_FLAG=1
' is set on object 'Object Repository/Test Link Page_IFrame/testlink_inputField'

2018-02-14 14:36:59 - [MESSAGE][PASSED] - Text 'DOCTY_GRP=A|NNAME=MR. AMIR BIN KASIRAN|VNAME=LASTIE/ NAME|O_CONSTYP=CI|UNNAME=REDDY PALAGATI NISHANTH|USERID=ZIBMPALAGATI|ADDR=BLK 108, %2305-301, TAMPINES STREET 11, Singapore 521108|EMAIL=qsm@ttsh.com.sg|EXTNR=S1205651F|TELNO=1800-2529913|IDNO=24260517766963|FTEMPL=ISH_COMNCLEN1.101|EDIT=Y|EINRI=ALEX|FDESC=CONSENT FORM (ENGLISH)|FTYPE=NEFRCONS|FOLDER=0000000919|LTOKEN=4DF80CAB1C0D7B0CCC89DD80EC8465|PATNR=0004838179|PAT_LVL=Y|STATUS=01|TCODE=NV2001|UNAMEIND=Y|VOID=Y|TEST_FLAG=1
' is set on object 'Object Repository/Test Link Page_IFrame/testlink_inputField'

2018-02-14 14:36:59 - [TEST_STEP][PASSED] - click: Object: 'Object Repository/Test Link Page_IFrame/testlink_btn' is clicked on

2018-02-14 14:37:01 - [MESSAGE][PASSED] - Object: 'Object Repository/Test Link Page_IFrame/testlink_btn' is clicked on

2018-02-14 14:37:01 - [TEST_STEP][PASSED] - waitForPageLoad: Wait for page load successfully

2018-02-14 14:37:02 - [MESSAGE][PASSED] - Wait for page load successfully

2018-02-14 14:37:02 - [TEST_STEP][PASSED] - verifyElementPresent: Object 'Object Repository/Test Link Page_IFrame/iframeid' is present

2018-02-14 14:37:02 - [MESSAGE][PASSED] - Object 'Object Repository/Test Link Page_IFrame/iframeid' is present

2018-02-14 14:37:02 - [TEST_STEP][PASSED] - delay: Delayed 2 second(s)

2018-02-14 14:37:04 - [MESSAGE][PASSED] - Delayed 2 second(s)

2018-02-14 14:37:04 - [TEST_STEP][PASSED] - Statement - If (com.kms.katalon.core.webui.keyword.WebUiBuiltInKeywords.verifyElementPresent(com.kms.katalon.core.testobject.ObjectRepository.findTestObject(Test Link Page_IFrame/input_j_username), 0)): Object 'Object Repository/Applicant Tab/td_Applicants Name_div_label' is present

2018-02-14 14:37:04 - [MESSAGE][WARNING] - Timeout '0' is invalid. Using default page load timeout: '30'

2018-02-14 14:37:04 - [MESSAGE][WARNING] - Timeout '0' is invalid. Using default page load timeout: '30'

2018-02-14 14:37:04 - [MESSAGE][PASSED] - Object 'Object Repository/Test Link Page_IFrame/input_j_username' is present

2018-02-14 14:37:04 - [TEST_STEP][PASSED] - verifyElementPresent: Object 'Object Repository/Test Link Page_IFrame/form_ISH_COMNCLEN1.101' is present

2018-02-14 14:37:04 - [MESSAGE][PASSED] - Object 'Object Repository/Test Link Page_IFrame/form_ISH_COMNCLEN1.101' is present

2018-02-14 14:37:04 - [TEST_STEP][PASSED] - setText: Text 'wasadmin' is set on object 'Object Repository/Test Link Page_IFrame/input_j_username'

2018-02-14 14:37:04 - [MESSAGE][PASSED] - Text 'wasadmin' is set on object 'Object Repository/Test Link Page_IFrame/input_j_username'

2018-02-14 14:37:04 - [TEST_STEP][PASSED] - setText: Text 'P@ger123' is set on object 'Object Repository/Test Link Page_IFrame/input_j_password'

2018-02-14 14:37:05 - [MESSAGE][PASSED] - Text 'P@ger123' is set on object 'Object Repository/Test Link Page_IFrame/input_j_password'

2018-02-14 14:37:05 - [TEST_STEP][PASSED] - click: Object: 'Object Repository/Test Link Page_IFrame/input_lotusBtn' is clicked on

2018-02-14 14:37:06 - [MESSAGE][PASSED] - Object: 'Object Repository/Test Link Page_IFrame/input_lotusBtn' is clicked on

2018-02-14 14:37:06 - [TEST_STEP][PASSED] - verifyElementPresent: Object 'Object Repository/Applicant Tab/td_Applicants Name_div_label' is present

2018-02-14 14:37:08 - [MESSAGE][PASSED] - Object 'Object Repository/Applicant Tab/td_Applicants Name_div_label' is present

2018-02-14 14:37:08 - [TEST_STEP][PASSED] - Statement - applicantAdd = com.kms.katalon.core.webui.keyword.WebUiBuiltInKeywords.getText(com.kms.katalon.core.testobject.ObjectRepository.findTestObject(Applicant Tab/Main Residential Address Field )): Text of object 'Object Repository/Applicant Tab/Main Residential Address Field ' is: ''

2018-02-14 14:37:09 - [MESSAGE][PASSED] - Text of object 'Object Repository/Applicant Tab/Main Residential Address Field ' is: ''

2018-02-14 14:37:09 - [TEST_STEP][PASSED] - click: Object: 'Object Repository/My Details Tab/My Details tab btn' is clicked on

2018-02-14 14:37:09 - [MESSAGE][PASSED] - Object: 'Object Repository/My Details Tab/My Details tab btn' is clicked on

2018-02-14 14:37:09 - [TEST_STEP][NOT_RUN] - verifyElementPresent: NOT_RUN: verifyElementPresent

2018-02-14 14:37:09 - [MESSAGE][NOT_RUN] - NOT_RUN: verifyElementPresent

2018-02-14 14:37:09 - [TEST_STEP][NOT_RUN] - verifyElementText: NOT_RUN: verifyElementText

2018-02-14 14:37:09 - [MESSAGE][NOT_RUN] - NOT_RUN: verifyElementText

2018-02-14 14:37:09 - [TEST_STEP][NOT_RUN] - verifyElementPresent: NOT_RUN: verifyElementPresent

2018-02-14 14:37:09 - [MESSAGE][NOT_RUN] - NOT_RUN: verifyElementPresent

2018-02-14 14:37:09 - [TEST_STEP][NOT_RUN] - verifyElementAttributeValue: NOT_RUN: verifyElementAttributeValue

2018-02-14 14:37:09 - [MESSAGE][NOT_RUN] - NOT_RUN: verifyElementAttributeValue

2018-02-14 14:37:09 - [TEST_STEP][NOT_RUN] - verifyElementPresent: NOT_RUN: verifyElementPresent

2018-02-14 14:37:09 - [MESSAGE][NOT_RUN] - NOT_RUN: verifyElementPresent

2018-02-14 14:37:09 - [TEST_STEP][NOT_RUN] - verifyElementText: NOT_RUN: verifyElementText

2018-02-14 14:37:09 - [MESSAGE][NOT_RUN] - NOT_RUN: verifyElementText

2018-02-14 14:37:09 - [TEST_STEP][NOT_RUN] - verifyElementPresent: NOT_RUN: verifyElementPresent

2018-02-14 14:37:09 - [MESSAGE][NOT_RUN] - NOT_RUN: verifyElementPresent

2018-02-14 14:37:09 - [TEST_STEP][NOT_RUN] - verifyElementAttributeValue: NOT_RUN: verifyElementAttributeValue

2018-02-14 14:37:09 - [MESSAGE][NOT_RUN] - NOT_RUN: verifyElementAttributeValue

2018-02-14 14:37:09 - [TEST_STEP][NOT_RUN] - verifyElementPresent: NOT_RUN: verifyElementPresent

2018-02-14 14:37:09 - [MESSAGE][NOT_RUN] - NOT_RUN: verifyElementPresent

2018-02-14 14:37:09 - [TEST_STEP][NOT_RUN] - verifyElementText: NOT_RUN: verifyElementText

2018-02-14 14:37:09 - [MESSAGE][NOT_RUN] - NOT_RUN: verifyElementText

2018-02-14 14:37:09 - [TEST_STEP][NOT_RUN] - verifyElementPresent: NOT_RUN: verifyElementPresent

2018-02-14 14:37:09 - [MESSAGE][NOT_RUN] - NOT_RUN: verifyElementPresent

2018-02-14 14:37:09 - [TEST_STEP][NOT_RUN] - verifyElementPresent: NOT_RUN: verifyElementPresent

2018-02-14 14:37:09 - [MESSAGE][NOT_RUN] - NOT_RUN: verifyElementPresent

2018-02-14 14:37:09 - [TEST_STEP][NOT_RUN] - verifyElementText: NOT_RUN: verifyElementText

2018-02-14 14:37:09 - [MESSAGE][NOT_RUN] - NOT_RUN: verifyElementText

2018-02-14 14:37:09 - [TEST_STEP][NOT_RUN] - verifyElementAttributeValue: NOT_RUN: verifyElementAttributeValue

2018-02-14 14:37:09 - [MESSAGE][NOT_RUN] - NOT_RUN: verifyElementAttributeValue

2018-02-14 14:37:09 - [TEST_STEP][NOT_RUN] - verifyElementPresent: NOT_RUN: verifyElementPresent

2018-02-14 14:37:09 - [MESSAGE][NOT_RUN] - NOT_RUN: verifyElementPresent

2018-02-14 14:37:09 - [TEST_STEP][NOT_RUN] - verifyElementText: NOT_RUN: verifyElementText

2018-02-14 14:37:09 - [MESSAGE][NOT_RUN] - NOT_RUN: verifyElementText

2018-02-14 14:37:09 - [TEST_STEP][PASSED] - Statement - If (O_CONSTYP == "CN"): null

2018-02-14 14:37:09 - [TEST_STEP][PASSED] - Statement - Else If (O_CONSTYP == "CI" || O_CONSTYP == "CM"): NOT_RUN: verifyElementText

2018-02-14 14:37:09 - [TEST_STEP][PASSED] - verifyElementVisibleInViewport: Object 'Object Repository/My Details Tab/My Name Field Invalid Msg ' is present and visible in viewport

2018-02-14 14:37:09 - [MESSAGE][WARNING] - Timeout '0' is invalid. Using default page load timeout: '30'

2018-02-14 14:37:09 - [MESSAGE][WARNING] - Timeout '0' is invalid. Using default page load timeout: '30'

2018-02-14 14:37:09 - [MESSAGE][PASSED] - Object 'Object Repository/My Details Tab/My Name Field Invalid Msg ' is present and visible in viewport

2018-02-14 14:37:09 - [TEST_STEP][PASSED] - verifyElementText: Actual text and expected text of test object 'Object Repository/My Details Tab/My Name Field Invalid Msg ' are matched.

2018-02-14 14:37:09 - [MESSAGE][PASSED] - Actual text and expected text of test object 'Object Repository/My Details Tab/My Name Field Invalid Msg ' are matched.

2018-02-14 14:37:09 - [TEST_STEP][PASSED] - setText: Text 'Phua Sing Tat' is set on object 'Object Repository/My Details Tab/My Name Field'

2018-02-14 14:37:10 - [MESSAGE][PASSED] - Text 'Phua Sing Tat' is set on object 'Object Repository/My Details Tab/My Name Field'

2018-02-14 14:37:10 - [TEST_STEP][PASSED] - click: Object: 'Object Repository/My Details Tab/My Name label' is clicked on

2018-02-14 14:37:10 - [MESSAGE][PASSED] - Object: 'Object Repository/My Details Tab/My Name label' is clicked on

2018-02-14 14:37:10 - [TEST_STEP][PASSED] - verifyElementNotVisibleInViewport: Object 'Object Repository/My Details Tab/My Name Field Invalid Msg ' is present and NOT visible in viewport

2018-02-14 14:37:10 - [MESSAGE][WARNING] - Timeout '0' is invalid. Using default page load timeout: '30'

2018-02-14 14:37:10 - [MESSAGE][WARNING] - Timeout '0' is invalid. Using default page load timeout: '30'

2018-02-14 14:37:10 - [MESSAGE][PASSED] - Object 'Object Repository/My Details Tab/My Name Field Invalid Msg ' is present and NOT visible in viewport

2018-02-14 14:37:10 - [TEST_STEP][PASSED] - verifyElementVisibleInViewport: Object 'Object Repository/My Details Tab/My NRIC Field Invalid Msg' is present and visible in viewport

2018-02-14 14:37:10 - [MESSAGE][WARNING] - Timeout '0' is invalid. Using default page load timeout: '30'

2018-02-14 14:37:10 - [MESSAGE][WARNING] - Timeout '0' is invalid. Using default page load timeout: '30'

2018-02-14 14:37:11 - [MESSAGE][PASSED] - Object 'Object Repository/My Details Tab/My NRIC Field Invalid Msg' is present and visible in viewport

2018-02-14 14:37:11 - [TEST_STEP][PASSED] - verifyElementText: Actual text and expected text of test object 'Object Repository/My Details Tab/My NRIC Field Invalid Msg' are matched.

2018-02-14 14:37:11 - [MESSAGE][PASSED] - Actual text and expected text of test object 'Object Repository/My Details Tab/My NRIC Field Invalid Msg' are matched.

2018-02-14 14:37:11 - [TEST_STEP][PASSED] - setText: Text 'S1234567G' is set on object 'Object Repository/My Details Tab/My NRIC Field'

2018-02-14 14:37:11 - [MESSAGE][PASSED] - Text 'S1234567G' is set on object 'Object Repository/My Details Tab/My NRIC Field'

2018-02-14 14:37:11 - [TEST_STEP][PASSED] - click: Object: 'Object Repository/My Details Tab/My Name label' is clicked on

2018-02-14 14:37:11 - [MESSAGE][PASSED] - Object: 'Object Repository/My Details Tab/My Name label' is clicked on

2018-02-14 14:37:11 - [TEST_STEP][PASSED] - verifyElementText: Actual text and expected text of test object 'Object Repository/My Details Tab/My NRIC Field Invalid Msg' are matched.

2018-02-14 14:37:11 - [MESSAGE][PASSED] - Actual text and expected text of test object 'Object Repository/My Details Tab/My NRIC Field Invalid Msg' are matched.

2018-02-14 14:37:11 - [TEST_STEP][PASSED] - check: Object 'Object Repository/My Details Tab/Passport checkbox' is checked

2018-02-14 14:37:12 - [MESSAGE][PASSED] - Object 'Object Repository/My Details Tab/Passport checkbox' is checked

2018-02-14 14:37:12 - [TEST_STEP][PASSED] - verifyElementNotVisibleInViewport: Object 'Object Repository/My Details Tab/My NRIC Field Invalid Msg' is present and NOT visible in viewport

2018-02-14 14:37:12 - [MESSAGE][WARNING] - Timeout '0' is invalid. Using default page load timeout: '30'

2018-02-14 14:37:12 - [MESSAGE][WARNING] - Timeout '0' is invalid. Using default page load timeout: '30'

2018-02-14 14:37:12 - [MESSAGE][PASSED] - Object 'Object Repository/My Details Tab/My NRIC Field Invalid Msg' is present and NOT visible in viewport

2018-02-14 14:37:12 - [TEST_STEP][PASSED] - uncheck: Object 'Object Repository/My Details Tab/Passport checkbox' is un-checked

2018-02-14 14:37:12 - [MESSAGE][PASSED] - Object 'Object Repository/My Details Tab/Passport checkbox' is un-checked

2018-02-14 14:37:12 - [TEST_STEP][PASSED] - verifyElementText: Actual text and expected text of test object 'Object Repository/My Details Tab/My NRIC Field Invalid Msg' are matched.

2018-02-14 14:37:12 - [MESSAGE][PASSED] - Actual text and expected text of test object 'Object Repository/My Details Tab/My NRIC Field Invalid Msg' are matched.

2018-02-14 14:37:12 - [TEST_STEP][PASSED] - clearText: Text of object 'Object Repository/My Details Tab/My NRIC Field' is cleared

2018-02-14 14:37:13 - [MESSAGE][PASSED] - Text of object 'Object Repository/My Details Tab/My NRIC Field' is cleared

2018-02-14 14:37:13 - [TEST_STEP][PASSED] - click: Object: 'Object Repository/My Details Tab/My Name label' is clicked on

2018-02-14 14:37:13 - [MESSAGE][PASSED] - Object: 'Object Repository/My Details Tab/My Name label' is clicked on

2018-02-14 14:37:13 - [TEST_STEP][PASSED] - verifyElementText: Actual text and expected text of test object 'Object Repository/My Details Tab/My NRIC Field Invalid Msg' are matched.

2018-02-14 14:37:13 - [MESSAGE][PASSED] - Actual text and expected text of test object 'Object Repository/My Details Tab/My NRIC Field Invalid Msg' are matched.

2018-02-14 14:37:13 - [TEST_STEP][PASSED] - setText: Text 'T0648142B' is set on object 'Object Repository/My Details Tab/My NRIC Field'

2018-02-14 14:37:13 - [MESSAGE][PASSED] - Text 'T0648142B' is set on object 'Object Repository/My Details Tab/My NRIC Field'

2018-02-14 14:37:13 - [TEST_STEP][PASSED] - click: Object: 'Object Repository/My Details Tab/My Name label' is clicked on

2018-02-14 14:37:14 - [MESSAGE][PASSED] - Object: 'Object Repository/My Details Tab/My Name label' is clicked on

2018-02-14 14:37:14 - [TEST_STEP][PASSED] - verifyElementNotVisibleInViewport: Object 'Object Repository/My Details Tab/My NRIC Field Invalid Msg' is present and NOT visible in viewport

2018-02-14 14:37:14 - [MESSAGE][WARNING] - Timeout '0' is invalid. Using default page load timeout: '30'

2018-02-14 14:37:14 - [MESSAGE][WARNING] - Timeout '0' is invalid. Using default page load timeout: '30'

2018-02-14 14:37:14 - [MESSAGE][PASSED] - Object 'Object Repository/My Details Tab/My NRIC Field Invalid Msg' is present and NOT visible in viewport

2018-02-14 14:37:14 - [TEST_STEP][NOT_RUN] - setText: NOT_RUN: setText

2018-02-14 14:37:14 - [MESSAGE][NOT_RUN] - NOT_RUN: setText

2018-02-14 14:37:14 - [TEST_STEP][NOT_RUN] - check: NOT_RUN: check

2018-02-14 14:37:14 - [MESSAGE][NOT_RUN] - NOT_RUN: check

2018-02-14 14:37:14 - [TEST_STEP][NOT_RUN] - Statement - myDetailsAdd = com.kms.katalon.core.webui.keyword.WebUiBuiltInKeywords.getText(com.kms.katalon.core.testobject.ObjectRepository.findTestObject(My Details Tab/Residential Address Field)): NOT_RUN: Statement - myDetailsAdd = com.kms.katalon.core.webui.keyword.WebUiBuiltInKeywords.getText(com.kms.katalon.core.testobject.ObjectRepository.findTestObject(My Details Tab/Residential Address Field))

2018-02-14 14:37:14 - [MESSAGE][NOT_RUN] - NOT_RUN: Statement - myDetailsAdd = com.kms.katalon.core.webui.keyword.WebUiBuiltInKeywords.getText(com.kms.katalon.core.testobject.ObjectRepository.findTestObject(My Details Tab/Residential Address Field))

2018-02-14 14:37:14 - [TEST_STEP][NOT_RUN] - verifyMatch: NOT_RUN: verifyMatch

2018-02-14 14:37:14 - [MESSAGE][NOT_RUN] - NOT_RUN: verifyMatch

2018-02-14 14:37:14 - [TEST_STEP][NOT_RUN] - uncheck: NOT_RUN: uncheck

2018-02-14 14:37:14 - [MESSAGE][NOT_RUN] - NOT_RUN: uncheck

2018-02-14 14:37:14 - [TEST_STEP][NOT_RUN] - verifyElementText: NOT_RUN: verifyElementText

2018-02-14 14:37:14 - [MESSAGE][NOT_RUN] - NOT_RUN: verifyElementText

2018-02-14 14:37:14 - [TEST_STEP][NOT_RUN] - scrollToElement: NOT_RUN: scrollToElement

2018-02-14 14:37:14 - [MESSAGE][NOT_RUN] - NOT_RUN: scrollToElement

2018-02-14 14:37:14 - [TEST_STEP][NOT_RUN] - verifyElementPresent: NOT_RUN: verifyElementPresent

2018-02-14 14:37:14 - [MESSAGE][NOT_RUN] - NOT_RUN: verifyElementPresent

2018-02-14 14:37:14 - [TEST_STEP][NOT_RUN] - click: NOT_RUN: click

2018-02-14 14:37:14 - [MESSAGE][NOT_RUN] - NOT_RUN: click

2018-02-14 14:37:14 - [TEST_STEP][NOT_RUN] - delay: NOT_RUN: delay

2018-02-14 14:37:14 - [MESSAGE][NOT_RUN] - NOT_RUN: delay

2018-02-14 14:37:14 - [TEST_STEP][NOT_RUN] - verifyElementPresent: NOT_RUN: verifyElementPresent

2018-02-14 14:37:14 - [MESSAGE][NOT_RUN] - NOT_RUN: verifyElementPresent

2018-02-14 14:37:14 - [TEST_STEP][NOT_RUN] - click: NOT_RUN: click

2018-02-14 14:37:14 - [MESSAGE][NOT_RUN] - NOT_RUN: click

2018-02-14 14:37:14 - [TEST_STEP][NOT_RUN] - closeBrowser: NOT_RUN: closeBrowser

2018-02-14 14:37:14 - [MESSAGE][NOT_RUN] - NOT_RUN: closeBrowser]]></system-out>
         <system-err><![CDATA[]]></system-err>
      </testcase>
      <system-out><![CDATA[2018-02-14 14:36:42 - [TEST_SUITE][PASSED] - NEFR Form Test: Test Cases/MY DETAILS TAB TEST]]></system-out>
      <system-err><![CDATA[]]></system-err>
   </testsuite>
</testsuites>
